2019-08-14 13:38:50.827  INFO 32528 --- [main] cn.code.DemoDubboApplication             : Starting DemoDubboApplication on DESKTOP-3CISPMC with PID 32528 (D:\workspace\DemoDubbo\target\classes started by DELL in D:\workspace\DemoDubbo)
2019-08-14 13:38:50.853  INFO 32528 --- [main] cn.code.DemoDubboApplication             : No active profile set, falling back to default profiles: default
2019-08-14 13:38:52.547  INFO 32528 --- [main] .s.d.r.c.RepositoryConfigurationDelegate : Multiple Spring Data modules found, entering strict repository configuration mode!
2019-08-14 13:38:52.555  INFO 32528 --- [main] .s.d.r.c.RepositoryConfigurationDelegate : Bootstrapping Spring Data repositories in DEFAULT mode.
2019-08-14 13:38:52.587  INFO 32528 --- [main] .s.d.r.c.RepositoryConfigurationDelegate : Finished Spring Data repository scanning in 21ms. Found 0 repository interfaces.
2019-08-14 13:38:52.981  WARN 32528 --- [main] o.m.s.mapper.ClassPathMapperScanner      : No MyBatis mapper was found in '[cn.code]' package. Please check your configuration.
2019-08-14 13:38:53.288  INFO 32528 --- [main] trationDelegate$BeanPostProcessorChecker : Bean 'org.springframework.transaction.annotation.ProxyTransactionManagementConfiguration' of type [org.springframework.transaction.annotation.ProxyTransactionManagementConfiguration$$EnhancerBySpringCGLIB$$d43cff29] is not eligible for getting processed by all BeanPostProcessors (for example: not eligible for auto-proxying)
2019-08-14 13:38:53.887  INFO 32528 --- [main] o.s.b.w.embedded.tomcat.TomcatWebServer  : Tomcat initialized with port(s): 8081 (http)
2019-08-14 13:38:53.994  INFO 32528 --- [main] o.apache.catalina.core.StandardService   : Starting service [Tomcat]
2019-08-14 13:38:53.994  INFO 32528 --- [main] org.apache.catalina.core.StandardEngine  : Starting Servlet engine: [Apache Tomcat/9.0.17]
2019-08-14 13:38:54.181  INFO 32528 --- [main] o.a.c.c.C.[Tomcat].[localhost].[/]       : Initializing Spring embedded WebApplicationContext
2019-08-14 13:38:54.181  INFO 32528 --- [main] o.s.web.context.ContextLoader            : Root WebApplicationContext: initialization completed in 3064 ms
2019-08-14 13:38:54.503  INFO 32528 --- [main] o.s.s.concurrent.ThreadPoolTaskExecutor  : Initializing ExecutorService 'applicationTaskExecutor'
2019-08-14 13:38:55.428  INFO 32528 --- [main] o.a.c.c.C.[Tomcat].[localhost].[/]       : Initializing Spring DispatcherServlet 'dispatcherServlet'
2019-08-14 13:38:55.429  INFO 32528 --- [main] o.s.web.servlet.DispatcherServlet        : Initializing Servlet 'dispatcherServlet'
2019-08-14 13:38:55.438  INFO 32528 --- [main] o.s.web.servlet.DispatcherServlet        : Completed initialization in 9 ms
2019-08-14 13:38:55.440  INFO 32528 --- [main] o.s.b.w.embedded.tomcat.TomcatWebServer  : Tomcat started on port(s): 8081 (http) with context path ''
2019-08-14 13:38:55.443  INFO 32528 --- [main] cn.code.DemoDubboApplication             : Started DemoDubboApplication in 5.401 seconds (JVM running for 8.27)
2019-08-14 13:39:13.526  INFO 32528 --- [RMI TCP Connection(2)-127.0.0.1] inMXBeanRegistrar$SpringApplicationAdmin : Application shutdown requested.
2019-08-14 13:39:13.686  INFO 32528 --- [RMI TCP Connection(2)-127.0.0.1] o.s.s.concurrent.ThreadPoolTaskExecutor  : Shutting down ExecutorService 'applicationTaskExecutor'
