2019-08-14 15:20:59.386  INFO 3380 --- [restartedMain] c.c.d.DubboProjectApplication            : Starting DubboProjectApplication on DESKTOP-3CISPMC with PID 3380 (E:\git\DemoDubbo\dubboproject\target\classes started by DELL in E:\git\DemoDubbo\dubboproject)
2019-08-14 15:20:59.389  INFO 3380 --- [restartedMain] c.c.d.DubboProjectApplication            : No active profile set, falling back to default profiles: default
2019-08-14 15:20:59.433  INFO 3380 --- [restartedMain] .e.DevToolsPropertyDefaultsPostProcessor : Devtools property defaults active! Set 'spring.devtools.add-properties' to 'false' to disable
2019-08-14 15:20:59.433  INFO 3380 --- [restartedMain] .e.DevToolsPropertyDefaultsPostProcessor : For additional web related logging consider setting the 'logging.level.web' property to 'DEBUG'
2019-08-14 15:21:00.019  INFO 3380 --- [restartedMain] .s.d.r.c.RepositoryConfigurationDelegate : Multiple Spring Data modules found, entering strict repository configuration mode!
2019-08-14 15:21:00.025  INFO 3380 --- [restartedMain] .s.d.r.c.RepositoryConfigurationDelegate : Bootstrapping Spring Data repositories in DEFAULT mode.
2019-08-14 15:21:00.042  INFO 3380 --- [restartedMain] .s.d.r.c.RepositoryConfigurationDelegate : Finished Spring Data repository scanning in 5ms. Found 0 repository interfaces.
2019-08-14 15:21:00.142  WARN 3380 --- [restartedMain] o.m.s.mapper.ClassPathMapperScanner      : No MyBatis mapper was found in '[cn.code.dubboproject]' package. Please check your configuration.
2019-08-14 15:21:00.312  INFO 3380 --- [restartedMain] trationDelegate$BeanPostProcessorChecker : Bean 'org.springframework.transaction.annotation.ProxyTransactionManagementConfiguration' of type [org.springframework.transaction.annotation.ProxyTransactionManagementConfiguration$$EnhancerBySpringCGLIB$$15e4c442] is not eligible for getting processed by all BeanPostProcessors (for example: not eligible for auto-proxying)
2019-08-14 15:21:00.611  INFO 3380 --- [restartedMain] o.s.b.w.embedded.tomcat.TomcatWebServer  : Tomcat initialized with port(s): 8089 (http)
2019-08-14 15:21:00.630  INFO 3380 --- [restartedMain] o.apache.catalina.core.StandardService   : Starting service [Tomcat]
2019-08-14 15:21:00.631  INFO 3380 --- [restartedMain] org.apache.catalina.core.StandardEngine  : Starting Servlet engine: [Apache Tomcat/9.0.22]
2019-08-14 15:21:00.738  INFO 3380 --- [restartedMain] o.a.c.c.C.[Tomcat].[localhost].[/]       : Initializing Spring embedded WebApplicationContext
2019-08-14 15:21:00.738  INFO 3380 --- [restartedMain] o.s.web.context.ContextLoader            : Root WebApplicationContext: initialization completed in 1304 ms
2019-08-14 15:21:00.951  INFO 3380 --- [restartedMain] o.s.s.concurrent.ThreadPoolTaskExecutor  : Initializing ExecutorService 'applicationTaskExecutor'
2019-08-14 15:21:01.573  INFO 3380 --- [restartedMain] o.s.b.d.a.OptionalLiveReloadServer       : LiveReload server is running on port 35729
2019-08-14 15:21:01.637  INFO 3380 --- [restartedMain] o.s.b.w.embedded.tomcat.TomcatWebServer  : Tomcat started on port(s): 8089 (http) with context path ''
2019-08-14 15:21:01.640  INFO 3380 --- [restartedMain] c.c.d.DubboProjectApplication            : Started DubboProjectApplication in 2.601 seconds (JVM running for 3.634)
2019-08-15 09:04:25.059  INFO 20300 --- [restartedMain] c.c.d.DubboProjectApplication            : Starting DubboProjectApplication on DESKTOP-3CISPMC with PID 20300 (E:\git\DemoDubbo\dubboproject\target\classes started by DELL in E:\git\DemoDubbo\dubboproject)
2019-08-15 09:04:25.092  INFO 20300 --- [restartedMain] c.c.d.DubboProjectApplication            : No active profile set, falling back to default profiles: default
2019-08-15 09:04:25.447  INFO 20300 --- [restartedMain] .e.DevToolsPropertyDefaultsPostProcessor : Devtools property defaults active! Set 'spring.devtools.add-properties' to 'false' to disable
2019-08-15 09:04:25.447  INFO 20300 --- [restartedMain] .e.DevToolsPropertyDefaultsPostProcessor : For additional web related logging consider setting the 'logging.level.web' property to 'DEBUG'
2019-08-15 09:04:26.961  INFO 20300 --- [restartedMain] .s.d.r.c.RepositoryConfigurationDelegate : Multiple Spring Data modules found, entering strict repository configuration mode!
2019-08-15 09:04:26.965  INFO 20300 --- [restartedMain] .s.d.r.c.RepositoryConfigurationDelegate : Bootstrapping Spring Data repositories in DEFAULT mode.
2019-08-15 09:04:27.035  INFO 20300 --- [restartedMain] .s.d.r.c.RepositoryConfigurationDelegate : Finished Spring Data repository scanning in 24ms. Found 0 repository interfaces.
2019-08-15 09:04:27.315  WARN 20300 --- [restartedMain] o.m.s.mapper.ClassPathMapperScanner      : No MyBatis mapper was found in '[cn.code.dubboproject]' package. Please check your configuration.
2019-08-15 09:04:27.592  INFO 20300 --- [restartedMain] trationDelegate$BeanPostProcessorChecker : Bean 'org.springframework.transaction.annotation.ProxyTransactionManagementConfiguration' of type [org.springframework.transaction.annotation.ProxyTransactionManagementConfiguration$$EnhancerBySpringCGLIB$$5d650565] is not eligible for getting processed by all BeanPostProcessors (for example: not eligible for auto-proxying)
2019-08-15 09:04:28.334  INFO 20300 --- [restartedMain] o.s.b.w.embedded.tomcat.TomcatWebServer  : Tomcat initialized with port(s): 8089 (http)
2019-08-15 09:04:28.363  INFO 20300 --- [restartedMain] o.apache.catalina.core.StandardService   : Starting service [Tomcat]
2019-08-15 09:04:28.363  INFO 20300 --- [restartedMain] org.apache.catalina.core.StandardEngine  : Starting Servlet engine: [Apache Tomcat/9.0.22]
2019-08-15 09:04:28.564  INFO 20300 --- [restartedMain] o.a.c.c.C.[Tomcat].[localhost].[/]       : Initializing Spring embedded WebApplicationContext
2019-08-15 09:04:28.565  INFO 20300 --- [restartedMain] o.s.web.context.ContextLoader            : Root WebApplicationContext: initialization completed in 3117 ms
2019-08-15 09:04:29.060  INFO 20300 --- [restartedMain] o.s.s.concurrent.ThreadPoolTaskExecutor  : Initializing ExecutorService 'applicationTaskExecutor'
2019-08-15 09:04:30.192  INFO 20300 --- [restartedMain] o.s.b.d.a.OptionalLiveReloadServer       : LiveReload server is running on port 35729
2019-08-15 09:04:30.297  INFO 20300 --- [restartedMain] o.s.b.w.embedded.tomcat.TomcatWebServer  : Tomcat started on port(s): 8089 (http) with context path ''
2019-08-15 09:04:30.299  INFO 20300 --- [restartedMain] c.c.d.DubboProjectApplication            : Started DubboProjectApplication in 6.023 seconds (JVM running for 9.98)
2019-08-15 09:45:42.829  INFO 5068 --- [restartedMain] c.c.d.DubboProjectApplication            : Starting DubboProjectApplication on DESKTOP-3CISPMC with PID 5068 (E:\git\DemoDubbo\dubboproject\target\classes started by DELL in E:\git\DemoDubbo\dubboproject)
2019-08-15 09:45:42.831  INFO 5068 --- [restartedMain] c.c.d.DubboProjectApplication            : No active profile set, falling back to default profiles: default
2019-08-15 09:45:42.866  INFO 5068 --- [restartedMain] .e.DevToolsPropertyDefaultsPostProcessor : Devtools property defaults active! Set 'spring.devtools.add-properties' to 'false' to disable
2019-08-15 09:45:42.867  INFO 5068 --- [restartedMain] .e.DevToolsPropertyDefaultsPostProcessor : For additional web related logging consider setting the 'logging.level.web' property to 'DEBUG'
2019-08-15 09:45:43.456  INFO 5068 --- [restartedMain] .s.d.r.c.RepositoryConfigurationDelegate : Multiple Spring Data modules found, entering strict repository configuration mode!
2019-08-15 09:45:43.458  INFO 5068 --- [restartedMain] .s.d.r.c.RepositoryConfigurationDelegate : Bootstrapping Spring Data repositories in DEFAULT mode.
2019-08-15 09:45:43.475  INFO 5068 --- [restartedMain] .s.d.r.c.RepositoryConfigurationDelegate : Finished Spring Data repository scanning in 6ms. Found 0 repository interfaces.
2019-08-15 09:45:43.569  WARN 5068 --- [restartedMain] o.m.s.mapper.ClassPathMapperScanner      : No MyBatis mapper was found in '[cn.code.dubboproject]' package. Please check your configuration.
2019-08-15 09:45:43.745  INFO 5068 --- [restartedMain] trationDelegate$BeanPostProcessorChecker : Bean 'org.springframework.transaction.annotation.ProxyTransactionManagementConfiguration' of type [org.springframework.transaction.annotation.ProxyTransactionManagementConfiguration$$EnhancerBySpringCGLIB$$4839b0a4] is not eligible for getting processed by all BeanPostProcessors (for example: not eligible for auto-proxying)
2019-08-15 09:45:44.032  INFO 5068 --- [restartedMain] o.s.b.w.embedded.tomcat.TomcatWebServer  : Tomcat initialized with port(s): 8090 (http)
2019-08-15 09:45:44.052  INFO 5068 --- [restartedMain] o.apache.catalina.core.StandardService   : Starting service [Tomcat]
2019-08-15 09:45:44.053  INFO 5068 --- [restartedMain] org.apache.catalina.core.StandardEngine  : Starting Servlet engine: [Apache Tomcat/9.0.22]
2019-08-15 09:45:44.160  INFO 5068 --- [restartedMain] o.a.c.c.C.[Tomcat].[localhost].[/]       : Initializing Spring embedded WebApplicationContext
2019-08-15 09:45:44.160  INFO 5068 --- [restartedMain] o.s.web.context.ContextLoader            : Root WebApplicationContext: initialization completed in 1293 ms
2019-08-15 09:45:44.424  INFO 5068 --- [restartedMain] o.s.s.concurrent.ThreadPoolTaskExecutor  : Initializing ExecutorService 'applicationTaskExecutor'
2019-08-15 09:45:44.960  INFO 5068 --- [restartedMain] o.s.b.d.a.OptionalLiveReloadServer       : LiveReload server is running on port 35729
2019-08-15 09:45:45.007  INFO 5068 --- [restartedMain] o.s.b.w.embedded.tomcat.TomcatWebServer  : Tomcat started on port(s): 8090 (http) with context path ''
2019-08-15 09:45:45.010  INFO 5068 --- [restartedMain] c.c.d.DubboProjectApplication            : Started DubboProjectApplication in 2.491 seconds (JVM running for 3.592)
